SF:lib\features\patient\presentation\models\patient_dashboard_model.dart
DA:6,0
DA:12,0
DA:13,0
DA:14,0
DA:15,0
DA:16,0
DA:17,0
DA:18,0
DA:19,0
DA:20,0
DA:31,1
DA:38,0
DA:39,0
DA:40,0
DA:41,0
DA:42,0
DA:43,0
DA:55,0
DA:63,0
DA:64,0
DA:65,0
DA:66,0
DA:67,0
DA:68,0
DA:69,0
DA:81,0
DA:89,0
DA:90,0
DA:91,0
DA:92,0
DA:93,0
DA:94,0
DA:95,0
LF:33
LH:1
end_of_record
SF:lib\features\patient\presentation\widgets\health_metrics_card.dart
DA:10,1
DA:12,1
DA:14,1
DA:16,2
DA:17,1
DA:19,1
DA:21,1
DA:22,1
DA:23,1
DA:24,1
DA:26,1
DA:30,1
DA:32,1
DA:33,1
DA:35,4
DA:39,1
DA:41,4
DA:45,1
DA:47,4
DA:51,1
DA:53,4
DA:72,1
DA:79,1
DA:81,1
DA:82,1
DA:83,3
DA:85,1
DA:86,1
DA:87,1
DA:89,1
DA:90,1
DA:91,2
LF:32
LH:32
end_of_record
